  18 12 2000 12 22   71.9  1.0                                                   
  18 12 2000  2  9   70.7  0.8                                                   
  18 12 2000  0 17   73.3  0.6                                                   
  17 12 2000 21 35   71.6  0.4                                                   
  17 12 2000 20 27   71.1  0.5                                                   
  17 12 2000 18  9   71.5  0.5                                                   
  17 12 2000 15 42   73.9  1.0                                                   
  17 12 2000 13 31   73.7  0.4                                                   
  17 12 2000 12 34   71.1  0.6                                                   
  17 12 2000  2 44   73.9  0.7                                                   
  17 12 2000  1 26   73.6  0.5                                                   
  17 12 2000  0  3   70.3  0.9                                                   
  16 12 2000 22 33   72.4  0.4                                                   
  16 12 2000 20 29   71.9  0.4                                                   
  16 12 2000 18 40   71.4  0.5                                                   
  16 12 2000 16 11   74.4  0.5                                                   
  16 12 2000 13 54   73.8  0.4                                                   
  16 12 2000 12 50   73.9  0.7                                                   
  16 12 2000 11 44   74.0  0.4                                                   
  16 12 2000  2 36   73.5  0.5                                                   
  16 12 2000  0 59   75.2  0.7                                                   
  15 12 2000 21  2   73.1  0.5                                                   
  15 12 2000 18 50   71.7  0.5                                                   
  15 12 2000 16 52   72.3  0.9                                                   
  15 12 2000 15 36   72.1  0.6                                                   
  15 12 2000 13 21   71.6  0.5                                                   
  15 12 2000 12 28   72.7  0.5                                                   
  15 12 2000 11 39   71.4  0.5                                                   
  15 12 2000  1 18   73.0  0.4                                                   
  15 12 2000  0  7   71.0  0.8                                                   
  14 12 2000 23  6   71.4  0.4                                                   
  14 12 2000 22 30   70.9  0.8                                                   
  14 12 2000 21  3   70.2  0.4                                                   
  14 12 2000 19 59   72.2  0.7                                                   
  14 12 2000 18 48   70.9  0.4                                                   
  14 12 2000 18  1   71.2  0.5                                                   
  14 12 2000 13 19   70.1  0.9                                                   
  14 12 2000 12 17   72.9  0.5                                                   
  14 12 2000 10 49   72.4  0.4                                                   
  14 12 2000  9 17  -72.5  0.5                                                   
  14 12 2000  3 43  -70.6  0.5                                                   
  14 12 2000  3 35  -69.9  0.6                                                   
  12 12 2000 23 56  -76.2  0.6                                                   
  12 12 2000 23 25  -78.4  1.0                                                   
  12 12 2000 20 25  -76.3  0.6                                                   
  12 12 2000 19  0  -76.9  0.6                                                   
  12 12 2000 16 32  -76.4  1.2                                                   
  12 12 2000 15 54  -77.7  1.0                                                   
  12 12 2000 12 58  -75.8  0.8                                                   
  12 12 2000 11 10  -75.8  0.8                                                   
  11 12 2000 22 36   75.1  0.5                                                   
  11 12 2000 22 16   76.4  0.9                                                   
  11 12 2000 14 26   79.4  0.8                                                   
  11 12 2000 12 11   78.1  0.6                                                   
  10 12 2000 22  7  -78.1  0.5                                                   
  10 12 2000 20 26  -78.6  0.8                                                   
  10 12 2000 15 46  -77.9  0.5                                                   
  10 12 2000 14 56  -77.5  0.6                                                   
  10 12 2000 13 30  -78.1  0.5                                                   
  10 12 2000  8 37  -77.1  0.7                                                   
   9 12 2000 21 40  -75.0  0.5                                                   
   9 12 2000 20 25  -76.2  0.4                                                   
   9 12 2000 19 15  -76.8  0.4                                                   
   9 12 2000 18 25  -76.3  0.5                                                   
   9 12 2000 17 28  -75.0  0.7                                                   
   9 12 2000 15 41  -76.8  0.6                                                   
   9 12 2000 14 51  -75.5  0.6                                                   
   9 12 2000 13 49  -75.7  0.5                                                   
   9 12 2000 11 13  -75.6  0.7                                                   
   7 12 2000  1  9  -74.9  0.7                                                   
   7 12 2000  0  2  -75.8  0.6                                                   
   6 12 2000 19 55  -73.7  0.6                                                   
   6 12 2000 18 34  -76.2  0.4                                                   
   6 12 2000 17 27  -74.0  0.6                                                   
   6 12 2000 14 47  -75.3  0.5                                                   
   6 12 2000 12 43  -74.7  0.7                                                   
   6 12 2000 11 18  -74.5  0.5                                                   
   6 12 2000  1 21   74.0  0.5                                                   
   6 12 2000  0 26   74.7  0.5                                                   
   5 12 2000 19 53   74.3  0.5                                                   
   5 12 2000 17 20   74.5  0.7                                                   
   5 12 2000  1 32   77.1  0.7                                                   
   5 12 2000  0 34   79.3  0.6                                                   
   4 12 2000 23 11   76.6  0.7                                                   
   4 12 2000 19 36  -76.2  2.0                                                   
   4 12 2000 17 48  -77.7  0.6                                                   
   4 12 2000 16 17  -76.6  0.5                                                   
   4 12 2000 10 41  -77.2  0.7                                                   
   3 12 2000  1 51  -73.7  0.8                                                   
   3 12 2000 23 41  -77.4  0.5                                                   
   3 12 2000 20  0  -76.9  0.8                                                   
   3 12 2000 18 51  -77.4  0.8                                                   
   3 12 2000 12 41  -77.2  0.7                                                   
   3 12 2000 11 55  -76.0  0.6                                                   
   3 12 2000  1 11   76.1  0.6                                                   
   3 12 2000  0 26   75.3  0.6                                                   
   2 12 2000 20 16   74.4  0.6                                                   
   2 12 2000 19  6   76.8  0.5                                                   
   2 12 2000 15 35   73.6  0.9                                                   
   2 12 2000 13 35   72.4  0.7                                                   
   2 12 2000 12 49   75.4  1.2                                                   
   2 12 2000 11 44   74.0  0.7                                                   
   2 12 2000  0 10   77.0  1.2                                                   
   1 12 2000 22 40   75.2  0.9                                                   
  21 11 2000 19 44  -71.2  0.6                                                   
  21 11 2000 19 11  -72.4  0.8                                                   
  21 11 2000 18 30  -71.7  0.7                                                   
  20 11 2000 21 48   68.2  1.1                                                   
  20 11 2000 20 34   69.6  0.8                                                   
  20 11 2000 19 31   69.4  0.8                                                   
  19 11 2000 13 21   68.5  0.7                                                   
  19 11 2000 12 51   68.2  0.9                                                   
  15 11 2000 17 45  -71.5  0.8                                                   
  15 11 2000 16 55  -72.3  0.6                                                   
  15 11 2000 10 21  -73.0  0.7                                                   
  15 11 2000  9 33  -72.4  0.8                                                   
  14 11 2000 19  3  -72.7  1.4                                                   
  14 11 2000 18  8  -72.1  1.0                                                   
  14 11 2000 15 27  -74.3  1.1                                                   
  14 11 2000  9 50  -72.3  1.1                                                   
  13 11 2000 15 46   70.8  0.7                                                   
  13 11 2000 14 57   71.5  0.7                                                   
  13 11 2000 13  8   70.7  0.7                                                   
  13 11 2000  8 39   73.7  0.8                                                   
  12 11 2000 17 53   69.6  0.8                                                   
  12 11 2000 16 48   72.5  0.6                                                   
  12 11 2000 12 27   71.5  1.2                                                   
  11 11 2000 17 33   70.1  0.6                                                   
  11 11 2000 16 10   70.5  0.6                                                   
  11 11 2000 14 54   71.5  0.7                                                   
  11 11 2000 13 35   70.1  0.6                                                   
  11 11 2000 10 57   70.6  0.5                                                   
  11 11 2000  9 37   70.3  0.6                                                   
  11 11 2000  8 49   70.4  0.6                                                   
  10 11 2000 11 21   67.7  0.7                                                   
  10 11 2000 10  2   70.1  0.6                                                   
   9 11 2000 23 38   71.3  0.7                                                   
   9 11 2000 23  0   71.7  1.0                                                   
   9 11 2000  2 10   71.7  0.9                                                   
   9 11 2000  1  3   69.9  0.4                                                   
   8 11 2000 17 12   70.8  1.0                                                   
   8 11 2000 16 14   71.3  1.0                                                   
   8 11 2000  8 57   72.6  0.9                                                   
   7 11 2000  8 51   71.4  1.1                                                   
   7 11 2000  8 17   72.5  1.0                                                   
   7 11 2000  7 49   68.9  0.8                                                   
   6 11 2000 15 41   69.5  1.1                                                   
   5 11 2000 14 28   62.2  1.8                                                   
