 Dipole kGs= -1.21360767  0.232148275 -13.4235821
    1 out of     1
 Dipole kGs= -1.30029392  0.232148275 -13.4235821
    1 out of     1
 Dipole kGs= -1.38698018  0.232148275 -13.4235821
    1 out of     1
 Dipole kGs= -1.47366655  0.232148275 -13.4235821
    1 out of     1
 Dipole kGs= -1.56035268  0.232148275 -13.4235821
    1 out of     1
 Dipole kGs= -1.64703894  0.232148275 -13.4235821
    1 out of     1
 Dipole kGs= -1.73372531  0.232148275 -13.4235821
    1 out of     1
 Dipole kGs= -1.82041144  0.232148275 -13.4235821
    1 out of     1
 Dipole kGs= -1.90709782  0.232148275 -13.4235821
    1 out of     1
 Dipole kGs= -1.99378407  0.232148275 -13.4235821
    1 out of     1
 Dipole kGs= -2.08047032  0.232148275 -13.4235821
    1 out of     1
 Dipole kGs= -2.1671567  0.232148275 -13.4235821
    1 out of     1
 Dipole kGs= -2.25384283  0.232148275 -13.4235821
    1 out of     1
 Dipole kGs= -2.3405292  0.232148275 -13.4235821
    1 out of     1
 Dipole kGs= -2.42721534  0.232148275 -13.4235821
    1 out of     1
 Dipole kGs= -2.51390171  0.232148275 -13.4235821
    1 out of     1
 Dipole kGs= -2.60058784  0.232148275 -13.4235821
    1 out of     1
 Dipole kGs= -2.68727398  0.232148275 -13.4235821
    1 out of     1
 Dipole kGs= -2.77396035  0.232148275 -13.4235821
    1 out of     1
 Dipole kGs= -2.86064672  0.232148275 -13.4235821
    1 out of     1
 Dipole kGs= -2.9473331  0.232148275 -13.4235821
    1 out of     1
 Dipole kGs= -3.03401923  0.232148275 -13.4235821
    1 out of     1
 Dipole kGs= -3.12070537  0.232148275 -13.4235821
    1 out of     1
 Dipole kGs= -3.20739174  0.232148275 -13.4235821
    1 out of     1
 Dipole kGs= -3.29407787  0.232148275 -13.4235821
    1 out of     1
 Dipole kGs= -3.38076425  0.232148275 -13.4235821
    1 out of     1
 Dipole kGs= -3.46745062  0.232148275 -13.4235821
    1 out of     1
 Dipole kGs= -3.55413675  0.232148275 -13.4235821
    1 out of     1
 Dipole kGs= -3.64082289  0.232148275 -13.4235821
    1 out of     1
 Dipole kGs= -3.7275095  0.232148275 -13.4235821
    1 out of     1
 Dipole kGs= -3.81419563  0.232148275 -13.4235821
    1 out of     1
 Dipole kGs= -3.90088177  0.232148275 -13.4235821
    1 out of     1
 Dipole kGs= -3.98756814  0.232148275 -13.4235821
    1 out of     1
 Dipole kGs= -4.07425404  0.232148275 -13.4235821
    1 out of     1
 Dipole kGs= -4.16094065  0.232148275 -13.4235821
    1 out of     1
 Dipole kGs= -4.24762678  0.232148275 -13.4235821
    1 out of     1
 Dipole kGs= -4.33431339  0.232148275 -13.4235821
    1 out of     1
 Dipole kGs= -4.42099953  0.232148275 -13.4235821
    1 out of     1
 Dipole kGs= -4.50768566  0.232148275 -13.4235821
    1 out of     1
 Dipole kGs= -4.59437227  0.232148275 -13.4235821
    1 out of     1
 Dipole kGs= -4.68105841  0.232148275 -13.4235821
    1 out of     1
 Dipole kGs= -4.76774454  0.232148275 -13.4235821
    1 out of     1
 Dipole kGs= -4.85443068  0.232148275 -13.4235821
    1 out of     1
 Dipole kGs= -4.94111681  0.232148275 -13.4235821
    1 out of     1
 Dipole kGs= -5.02780342  0.232148275 -13.4235821
    1 out of     1
 Dipole kGs= -5.11448956  0.232148275 -13.4235821
    1 out of     1
 Dipole kGs= -5.20117569  0.232148275 -13.4235821
    1 out of     1
 Dipole kGs= -5.28786182  0.232148275 -13.4235821
    1 out of     1
 Dipole kGs= -5.37454796  0.232148275 -13.4235821
    1 out of     1
 Dipole kGs= -5.46123457  0.232148275 -13.4235821
    1 out of     1
 Dipole kGs= -5.5479207  0.232148275 -13.4235821
    1 out of     1
 Dipole kGs= -5.63460732  0.232148275 -13.4235821
    1 out of     1
 Dipole kGs= -5.72129345  0.232148275 -13.4235821
    1 out of     1
 Dipole kGs= -5.80797958  0.232148275 -13.4235821
    1 out of     1
 Dipole kGs= -5.89466619  0.232148275 -13.4235821
    1 out of     1
 Dipole kGs= -5.98135233  0.232148275 -13.4235821
    1 out of     1
 Dipole kGs= -6.06803846  0.232148275 -13.4235821
    1 out of     1
 Dipole kGs= -6.1547246  0.232148275 -13.4235821
    1 out of     1
 Dipole kGs= -6.24141073  0.232148275 -13.4235821
    1 out of     1
 Dipole kGs= -6.32809734  0.232148275 -13.4235821
    1 out of     1
 Dipole kGs= -6.41478348  0.232148275 -13.4235821
    1 out of     1
 Dipole kGs= -6.50146961  0.232148275 -13.4235821
    1 out of     1
 Dipole kGs= -6.58815575  0.232148275 -13.4235821
    1 out of     1
 Dipole kGs= -6.67484188  0.232148275 -13.4235821
    1 out of     1
 Dipole kGs= -6.76152849  0.232148275 -13.4235821
    1 out of     1
 Dipole kGs= -6.8482151  0.232148275 -13.4235821
    1 out of     1
 Dipole kGs= -6.93490124  0.232148275 -13.4235821
    1 out of     1
 Dipole kGs= -7.02158785  0.232148275 -13.4235821
    1 out of     1
 Dipole kGs= -7.10827351  0.232148275 -13.4235821
    1 out of     1
 Dipole kGs= -7.19496012  0.232148275 -13.4235821
    1 out of     1
 Dipole kGs= -7.28164577  0.232148275 -13.4235821
    1 out of     1
 Dipole kGs= -7.36833239  0.232148275 -13.4235821
    1 out of     1
 Dipole kGs= -7.455019  0.232148275 -13.4235821
    1 out of     1
 Dipole kGs= -7.54170465  0.232148275 -13.4235821
    1 out of     1
 Dipole kGs= -7.62839127  0.232148275 -13.4235821
    1 out of     1
 Dipole kGs= -7.71507692  0.232148275 -13.4235821
    1 out of     1
 Dipole kGs= -7.80176353  0.232148275 -13.4235821
    1 out of     1
 Dipole kGs= -7.88845015  0.232148275 -13.4235821
    1 out of     1
 Dipole kGs= -7.97513628  0.232148275 -13.4235821
    1 out of     1
 Dipole kGs= -8.06182289  0.232148275 -13.4235821
    1 out of     1
 Dipole kGs= -8.14850807  0.232148275 -13.4235821
    1 out of     1
 Dipole kGs= -8.23519516  0.232148275 -13.4235821
    1 out of     1
 Dipole kGs= -8.32188129  0.232148275 -13.4235821
    1 out of     1
 Dipole kGs= -8.40856743  0.232148275 -13.4235821
    1 out of     1
 Dipole kGs= -8.49525356  0.232148275 -13.4235821
    1 out of     1
 Dipole kGs= -8.5819397  0.232148275 -13.4235821
    1 out of     1
 Dipole kGs= -8.66862679  0.232148275 -13.4235821
    1 out of     1
 Dipole kGs= -8.75531292  0.232148275 -13.4235821
    1 out of     1
 Dipole kGs= -8.84199905  0.232148275 -13.4235821
    1 out of     1
 Dipole kGs= -8.92868519  0.232148275 -13.4235821
    1 out of     1
 Dipole kGs= -9.01537132  0.232148275 -13.4235821
    1 out of     1
 Dipole kGs= -9.10205746  0.232148275 -13.4235821
    1 out of     1
 Dipole kGs= -9.18874454  0.232148275 -13.4235821
    1 out of     1
 Dipole kGs= -9.27542973  0.232148275 -13.4235821
    1 out of     1
 Dipole kGs= -9.36211681  0.232148275 -13.4235821
    1 out of     1
 Dipole kGs= -9.44880199  0.232148275 -13.4235821
    1 out of     1
 Dipole kGs= -9.53548908  0.232148275 -13.4235821
    1 out of     1
 Dipole kGs= -9.62217522  0.232148275 -13.4235821
    1 out of     1
 Dipole kGs= -9.70886135  0.232148275 -13.4235821
    1 out of     1
 Dipole kGs= -9.79554749  0.232148275 -13.4235821
    1 out of     1
 Dipole kGs= -9.88223362  0.232148275 -13.4235821
    1 out of     1
 Dipole kGs= -9.96892071  0.232148275 -13.4235821
    1 out of     1
 Dipole kGs= -10.0556068  0.232148275 -13.4235821
    1 out of     1
 Dipole kGs= -10.142293  0.232148275 -13.4235821
    1 out of     1
 Dipole kGs= -10.2289791  0.232148275 -13.4235821
    1 out of     1
 Dipole kGs= -10.3156652  0.232148275 -13.4235821
    1 out of     1
 Dipole kGs= -10.4023514  0.232148275 -13.4235821
    1 out of     1
 Dipole kGs= -10.4890385  0.232148275 -13.4235821
    1 out of     1
 Dipole kGs= -10.5757236  0.232148275 -13.4235821
    1 out of     1
 Dipole kGs= -10.6624107  0.232148275 -13.4235821
    1 out of     1
 Dipole kGs= -10.7490959  0.232148275 -13.4235821
    1 out of     1
 Dipole kGs= -10.835783  0.232148275 -13.4235821
    1 out of     1
 Dipole kGs= -10.9224691  0.232148275 -13.4235821
    1 out of     1
 Dipole kGs= -11.0091553  0.232148275 -13.4235821
    1 out of     1
 Dipole kGs= -11.0958414  0.232148275 -13.4235821
    1 out of     1
 Dipole kGs= -11.1825275  0.232148275 -13.4235821
    1 out of     1
 Dipole kGs= -11.2692146  0.232148275 -13.4235821
    1 out of     1
 Dipole kGs= -11.3559008  0.232148275 -13.4235821
    1 out of     1
 Dipole kGs= -11.4425869  0.232148275 -13.4235821
    1 out of     1
 Dipole kGs= -11.529273  0.232148275 -13.4235821
    1 out of     1
 Dipole kGs= -11.6159592  0.232148275 -13.4235821
    1 out of     1
 Dipole kGs= -11.7026453  0.232148275 -13.4235821
    1 out of     1
 Dipole kGs= -11.7893324  0.232148275 -13.4235821
    1 out of     1
 Dipole kGs= -11.8760176  0.232148275 -13.4235821
    1 out of     1
 Dipole kGs= -11.9627047  0.232148275 -13.4235821
    1 out of     1
 Dipole kGs= -12.0493898  0.232148275 -13.4235821
    1 out of     1
 Dipole kGs= -12.1360769  0.232148275 -13.4235821
    1 out of     1
 Dipole kGs= -12.2227631  0.232148275 -13.4235821
    1 out of     1
 Dipole kGs= -12.3094492  0.232148275 -13.4235821
    1 out of     1
 Dipole kGs= -12.3961363  0.232148275 -13.4235821
    1 out of     1
 Dipole kGs= -12.4828215  0.232148275 -13.4235821
    1 out of     1
 Dipole kGs= -12.5695086  0.232148275 -13.4235821
    1 out of     1
 Dipole kGs= -12.6561947  0.232148275 -13.4235821
    1 out of     1
 Dipole kGs= -12.7428808  0.232148275 -13.4235821
    1 out of     1
 Dipole kGs= -12.829567  0.232148275 -13.4235821
    1 out of     1
 Dipole kGs= -12.9162531  0.232148275 -13.4235821
    1 out of     1
 Dipole kGs= -13.0029392  0.232148275 -13.4235821
    1 out of     1
 Dipole kGs= -13.0896263  0.232148275 -13.4235821
    1 out of     1
 Dipole kGs= -13.1763115  0.232148275 -13.4235821
    1 out of     1
 Dipole kGs= -13.2629986  0.232148275 -13.4235821
    1 out of     1
 Dipole kGs= -13.3496838  0.232148275 -13.4235821
    1 out of     1
 Dipole kGs= -13.4363708  0.232148275 -13.4235821
    1 out of     1
 Dipole kGs= -13.523057  0.232148275 -13.4235821
    1 out of     1
 Dipole kGs= -13.6097431  0.232148275 -13.4235821
    1 out of     1
 Dipole kGs= -13.6964302  0.232148275 -13.4235821
    1 out of     1
 Dipole kGs= -13.7831154  0.232148275 -13.4235821
    1 out of     1
 Dipole kGs= -13.8698025  0.232148275 -13.4235821
    1 out of     1
